# JRE version: Java(TM) SE Runtime Environment (19.0.2+7) (build 19.0.2+7-44)
# Java VM: Java HotSpot(TM) 64-Bit Server VM (19.0.2+7-44, mixed mode, sharing, tiered, compressed oops, compressed class ptrs, g1 gc, windows-amd64)
GC Precious Log:
 CardTable entry size: 512
 Card Set container configuration: InlinePtr #cards 5 size 8 Array Of Cards #cards 12 size 40 Howl #buckets 4 coarsen threshold 1843 Howl Bitmap #cards 512 size 80 coarsen threshold 460 Card regions per heap region 1 cards per card region 2048
 CPUs: 8 total, 8 available
 Memory: 8090M
 Large Page Support: Disabled
 NUMA Support: Disabled
 Compressed Oops: Enabled (32-bit)
 Heap Region Size: 1M
 Heap Min Capacity: 8M
 Heap Initial Capacity: 128M
 Heap Max Capacity: 2024M
 Pre-touch: Disabled
 Parallel Workers: 8
 Concurrent Workers: 2
 Concurrent Refinement Workers: 8
 Periodic GC: Disabled
Heap:
 garbage-first heap   total 96256K, used 44321K [0x0000000081800000, 0x0000000100000000)
  region size 1024K, 15 young (15360K), 1 survivors (1024K)
 Metaspace       used 70462K, committed 71232K, reserved 1114112K
  class space    used 8846K, committed 9216K, reserved 1048576K
GC Heap History (20 events):
Event: 500.715 GC heap before
{Heap before GC invocations=31 (full 0):
 garbage-first heap   total 67584K, used 33440K [0x0000000081800000, 0x0000000100000000)
  region size 1024K, 3 young (3072K), 1 survivors (1024K)
 Metaspace       used 70316K, committed 71040K, reserved 1114112K
  class space    used 8844K, committed 9216K, reserved 1048576K
}
Event: 500.721 GC heap after
{Heap after GC invocations=32 (full 0):
 garbage-first heap   total 67584K, used 31223K [0x0000000081800000, 0x0000000100000000)
  region size 1024K, 1 young (1024K), 1 survivors (1024K)
 Metaspace       used 70316K, committed 71040K, reserved 1114112K
  class space    used 8844K, committed 9216K, reserved 1048576K
}
Event: 502.052 GC heap before
{Heap before GC invocations=32 (full 0):
 garbage-first heap   total 67584K, used 56823K [0x0000000081800000, 0x0000000100000000)
  region size 1024K, 26 young (26624K), 1 survivors (1024K)
 Metaspace       used 70365K, committed 71104K, reserved 1114112K
  class space    used 8844K, committed 9216K, reserved 1048576K
}
Event: 502.057 GC heap after
{Heap after GC invocations=33 (full 0):
 garbage-first heap   total 67584K, used 31227K [0x0000000081800000, 0x0000000100000000)
  region size 1024K, 1 young (1024K), 1 survivors (1024K)
 Metaspace       used 70365K, committed 71104K, reserved 1114112K
  class space    used 8844K, committed 9216K, reserved 1048576K
}
Event: 503.549 GC heap before
{Heap before GC invocations=34 (full 0):
 garbage-first heap   total 67584K, used 56827K [0x0000000081800000, 0x0000000100000000)
  region size 1024K, 26 young (26624K), 1 survivors (1024K)
 Metaspace       used 70416K, committed 71168K, reserved 1114112K
  class space    used 8844K, committed 9216K, reserved 1048576K
}
Event: 503.554 GC heap after
{Heap after GC invocations=35 (full 0):
 garbage-first heap   total 67584K, used 31266K [0x0000000081800000, 0x0000000100000000)
  region size 1024K, 1 young (1024K), 1 survivors (1024K)
 Metaspace       used 70416K, committed 71168K, reserved 1114112K
  class space    used 8844K, committed 9216K, reserved 1048576K
}
Event: 503.668 GC heap before
{Heap before GC invocations=35 (full 0):
 garbage-first heap   total 67584K, used 33314K [0x0000000081800000, 0x0000000100000000)
  region size 1024K, 3 young (3072K), 1 survivors (1024K)
 Metaspace       used 70416K, committed 71168K, reserved 1114112K
  class space    used 8844K, committed 9216K, reserved 1048576K
}
Event: 503.674 GC heap after
{Heap after GC invocations=36 (full 0):
 garbage-first heap   total 67584K, used 31007K [0x0000000081800000, 0x0000000100000000)
  region size 1024K, 1 young (1024K), 1 survivors (1024K)
 Metaspace       used 70416K, committed 71168K, reserved 1114112K
  class space    used 8844K, committed 9216K, reserved 1048576K
}
Event: 505.156 GC heap before
{Heap before GC invocations=36 (full 0):
 garbage-first heap   total 67584K, used 57631K [0x0000000081800000, 0x0000000100000000)
  region size 1024K, 27 young (27648K), 1 survivors (1024K)
 Metaspace       used 70425K, committed 71168K, reserved 1114112K
  class space    used 8844K, committed 9216K, reserved 1048576K
}
Event: 505.163 GC heap after
{Heap after GC invocations=37 (full 0):
 garbage-first heap   total 96256K, used 31038K [0x0000000081800000, 0x0000000100000000)
  region size 1024K, 1 young (1024K), 1 survivors (1024K)
 Metaspace       used 70425K, committed 71168K, reserved 1114112K
  class space    used 8844K, committed 9216K, reserved 1048576K
}
Event: 508.634 GC heap before
{Heap before GC invocations=38 (full 0):
 garbage-first heap   total 96256K, used 83262K [0x0000000081800000, 0x0000000100000000)
  region size 1024K, 52 young (53248K), 1 survivors (1024K)
 Metaspace       used 70449K, committed 71232K, reserved 1114112K
  class space    used 8844K, committed 9216K, reserved 1048576K
}
Event: 508.639 GC heap after
{Heap after GC invocations=39 (full 0):
 garbage-first heap   total 96256K, used 31096K [0x0000000081800000, 0x0000000100000000)
  region size 1024K, 1 young (1024K), 1 survivors (1024K)
 Metaspace       used 70449K, committed 71232K, reserved 1114112K
  class space    used 8844K, committed 9216K, reserved 1048576K
}
Event: 508.810 GC heap before
{Heap before GC invocations=39 (full 0):
 garbage-first heap   total 96256K, used 34168K [0x0000000081800000, 0x0000000100000000)
  region size 1024K, 4 young (4096K), 1 survivors (1024K)
 Metaspace       used 70449K, committed 71232K, reserved 1114112K
  class space    used 8844K, committed 9216K, reserved 1048576K
}
Event: 508.816 GC heap after
{Heap after GC invocations=40 (full 0):
 garbage-first heap   total 96256K, used 30927K [0x0000000081800000, 0x0000000100000000)
  region size 1024K, 1 young (1024K), 1 survivors (1024K)
 Metaspace       used 70449K, committed 71232K, reserved 1114112K
  class space    used 8844K, committed 9216K, reserved 1048576K
}
Event: 511.077 GC heap before
{Heap before GC invocations=40 (full 0):
 garbage-first heap   total 96256K, used 83151K [0x0000000081800000, 0x0000000100000000)
  region size 1024K, 52 young (53248K), 1 survivors (1024K)
 Metaspace       used 70450K, committed 71232K, reserved 1114112K
  class space    used 8844K, committed 9216K, reserved 1048576K
}
Event: 511.082 GC heap after
{Heap after GC invocations=41 (full 0):
 garbage-first heap   total 96256K, used 30996K [0x0000000081800000, 0x0000000100000000)
  region size 1024K, 1 young (1024K), 1 survivors (1024K)
 Metaspace       used 70450K, committed 71232K, reserved 1114112K
  class space    used 8844K, committed 9216K, reserved 1048576K
}
Event: 514.962 GC heap before
{Heap before GC invocations=41 (full 0):
 garbage-first heap   total 96256K, used 83220K [0x0000000081800000, 0x0000000100000000)
  region size 1024K, 52 young (53248K), 1 survivors (1024K)
 Metaspace       used 70451K, committed 71232K, reserved 1114112K
  class space    used 8844K, committed 9216K, reserved 1048576K
}
Event: 514.968 GC heap after
{Heap after GC invocations=42 (full 0):
 garbage-first heap   total 96256K, used 30990K [0x0000000081800000, 0x0000000100000000)
  region size 1024K, 1 young (1024K), 1 survivors (1024K)
 Metaspace       used 70451K, committed 71232K, reserved 1114112K
  class space    used 8844K, committed 9216K, reserved 1048576K
}
Event: 517.827 GC heap before
{Heap before GC invocations=42 (full 0):
 garbage-first heap   total 96256K, used 84238K [0x0000000081800000, 0x0000000100000000)
  region size 1024K, 53 young (54272K), 1 survivors (1024K)
 Metaspace       used 70462K, committed 71232K, reserved 1114112K
  class space    used 8846K, committed 9216K, reserved 1048576K
}
Event: 517.831 GC heap after
{Heap after GC invocations=43 (full 0):
 garbage-first heap   total 96256K, used 31009K [0x0000000081800000, 0x0000000100000000)
  region size 1024K, 1 young (1024K), 1 survivors (1024K)
 Metaspace       used 70462K, committed 71232K, reserved 1114112K
  class space    used 8846K, committed 9216K, reserved 1048576K
}

